#-----------------------------------------------------------
# Vivado v2020.2 (64-bit)
# SW Build 3064766 on Wed Nov 18 09:12:45 MST 2020
# IP Build 3064653 on Wed Nov 18 14:17:31 MST 2020
# Start of session at: Thu Apr 14 14:07:16 2022
# Process ID: 13552
# Current directory: C:/School/ENSC462_Final_Project/Final_Project/6_VGA_Animation/vivado
# Command line: vivado.exe -gui_launcher_event rodinguilauncherevent25180 C:\School\ENSC462_Final_Project\Final_Project\6_VGA_Animation\vivado\Lab4_1.xpr
# Log file: C:/School/ENSC462_Final_Project/Final_Project/6_VGA_Animation/vivado/vivado.log
# Journal file: C:/School/ENSC462_Final_Project/Final_Project/6_VGA_Animation/vivado\vivado.jou
#-----------------------------------------------------------
start_gui
open_project C:/School/ENSC462_Final_Project/Final_Project/6_VGA_Animation/vivado/Lab4_1.xpr
INFO: [Project 1-313] Project file moved from 'U:/Spring2022/ENSC462/Labs/Final_Project/6_VGA_Animation/vivado' since last save.
Scanning sources...
Finished scanning sources
INFO: [IP_Flow 19-234] Refreshing IP repositories
INFO: [IP_Flow 19-1704] No user IP repositories specified
INFO: [IP_Flow 19-2313] Loaded Vivado IP repository 'C:/School/Xilinix_Vitis/Vivado/2020.2/data/ip'.
open_project: Time (s): cpu = 00:00:16 ; elapsed = 00:00:07 . Memory (MB): peak = 1149.281 ; gain = 4.562
update_compile_order -fileset sources_1
open_bd_design {C:/School/ENSC462_Final_Project/Final_Project/6_VGA_Animation/vivado/Lab4_1.srcs/sources_1/bd/design_1/design_1.bd}
Reading block design file <C:/School/ENSC462_Final_Project/Final_Project/6_VGA_Animation/vivado/Lab4_1.srcs/sources_1/bd/design_1/design_1.bd>...
Adding component instance block -- xilinx.com:ip:clk_wiz:6.0 - clk_wiz_0
Adding component instance block -- xilinx.com:ip:util_vector_logic:2.0 - util_vector_logic_0
Adding component instance block -- xilinx.com:module_ref:video_controller:1.0 - video_controller_0
Successfully read diagram <design_1> from block design file <C:/School/ENSC462_Final_Project/Final_Project/6_VGA_Animation/vivado/Lab4_1.srcs/sources_1/bd/design_1/design_1.bd>
open_bd_design: Time (s): cpu = 00:00:09 ; elapsed = 00:00:08 . Memory (MB): peak = 1244.711 ; gain = 50.039
exit
INFO: [Common 17-206] Exiting Vivado at Thu Apr 14 14:19:09 2022...
